<?xml version="1.0" encoding="UTF-8"?>
<testng-results ignored="0" total="1" passed="1" failed="0" skipped="0">
  <reporter-output>
  </reporter-output>
  <suite started-at="2026-03-20T09:27:30 IST" name="Default suite" finished-at="2026-03-20T09:29:59 IST" duration-ms="148438">
    <groups>
    </groups>
    <test started-at="2026-03-20T09:27:30 IST" name="Default test" finished-at="2026-03-20T09:29:59 IST" duration-ms="148438">
      <class name="org.automation.project.FlowTest">
        <test-method is-config="true" signature="prerequisite()[pri:0, instance:org.automation.project.FlowTest@7dcf94f8]" started-at="2026-03-20T09:27:30 IST" name="prerequisite" finished-at="2026-03-20T09:27:36 IST" duration-ms="5410" status="PASS">
          <reporter-output>
          </reporter-output>
        </test-method> <!-- prerequisite -->
        <test-method signature="testCase5()[pri:0, instance:org.automation.project.FlowTest@7dcf94f8]" started-at="2026-03-20T09:27:36 IST" name="testCase5" finished-at="2026-03-20T09:29:53 IST" duration-ms="137568" status="PASS">
          <reporter-output>
          </reporter-output>
        </test-method> <!-- testCase5 -->
        <test-method is-config="true" signature="close()[pri:0, instance:org.automation.project.FlowTest@7dcf94f8]" started-at="2026-03-20T09:29:53 IST" name="close" finished-at="2026-03-20T09:29:59 IST" duration-ms="5415" status="PASS">
          <reporter-output>
          </reporter-output>
        </test-method> <!-- close -->
      </class> <!-- org.automation.project.FlowTest -->
    </test> <!-- Default test -->
  </suite> <!-- Default suite -->
</testng-results>
