<?xml version="1.0" encoding="UTF-8"?>
<!-- Generated by org.testng.reporters.JUnitReportReporter -->
<testsuite hostname="DESKTOP-0HF1UMC" failures="0" tests="3" name="org.automation.project.LoginTest" time="98.555" errors="0" timestamp="2026-03-20T09:02:27 IST" skipped="0">
  <testcase classname="org.automation.project.LoginTest" name="testCase6" time="35.643"/>
  <testcase classname="org.automation.project.LoginTest" name="testCase5" time="29.846"/>
  <testcase classname="org.automation.project.LoginTest" name="testCase7" time="33.066"/>
</testsuite> <!-- org.automation.project.LoginTest -->
