<?xml version="1.0" encoding="UTF-8"?>
<!-- Generated by org.testng.reporters.JUnitReportReporter -->
<testsuite hostname="DESKTOP-0HF1UMC" failures="0" tests="4" name="org.automation.project.FilterTest" time="301.444" errors="0" timestamp="2026-03-20T09:21:53 IST" skipped="0">
  <testcase classname="org.automation.project.FilterTest" name="testCase21" time="68.318"/>
  <testcase classname="org.automation.project.FilterTest" name="testCase16" time="125.163"/>
  <testcase classname="org.automation.project.FilterTest" name="testCase20" time="54.994"/>
  <testcase classname="org.automation.project.FilterTest" name="testCase19" time="52.969"/>
</testsuite> <!-- org.automation.project.FilterTest -->
