<?xml version="1.0" encoding="UTF-8"?>
<!-- Generated by org.testng.reporters.JUnitReportReporter -->
<testsuite hostname="DESKTOP-0HF1UMC" failures="0" tests="7" name="org.automation.project.SearchTest" time="226.821" errors="0" timestamp="2026-03-20T09:09:36 IST" skipped="0">
  <testcase classname="org.automation.project.SearchTest" name="testcase12" time="27.777"/>
  <testcase classname="org.automation.project.SearchTest" name="testcase9" time="25.312"/>
  <testcase classname="org.automation.project.SearchTest" name="testcase14" time="49.443"/>
  <testcase classname="org.automation.project.SearchTest" name="testcase11" time="49.463"/>
  <testcase classname="org.automation.project.SearchTest" name="testcase10" time="10.447"/>
  <testcase classname="org.automation.project.SearchTest" name="testcase13" time="50.789"/>
  <testcase classname="org.automation.project.SearchTest" name="testcase8" time="13.590"/>
</testsuite> <!-- org.automation.project.SearchTest -->
