<?xml version="1.0" encoding="UTF-8"?>
<!-- Generated by org.testng.reporters.JUnitReportReporter -->
<testsuite hostname="DESKTOP-0HF1UMC" failures="0" tests="3" name="org.automation.project.Test1" time="31.788" errors="0" timestamp="2026-03-18T12:39:45 IST" skipped="0">
  <testcase classname="org.automation.project.Test1" name="testCase5" time="11.041"/>
  <testcase classname="org.automation.project.Test1" name="testCase6" time="9.302"/>
  <testcase classname="org.automation.project.Test1" name="testCase7" time="11.445"/>
</testsuite> <!-- org.automation.project.Test1 -->
